Using pre-set license
Built from '2020.2/release' branch; Version is '2020.2.1f1 (270dd8c3da1c) revision 2559448'; Using compiler version '192528614'; Build Type 'Release'
OS: 'Windows 10  (10.0.0) 64bit' Language: 'en' Physical Memory: 16288 MB
BatchMode: 1, IsHumanControllingUs: 0, StartBugReporterOnCrash: 0, Is64bit: 1, IsPro: 0

 COMMAND LINE ARGUMENTS:
C:\Program Files\Unity\Hub\Editor\2020.2.1f1\Editor\Unity.exe
-adb2
-batchMode
-noUpm
-name
AssetImportWorker0
-projectPath
C:/Users/Jeremy Ivan/Data/Desktop/VR_Diorama
-logFile
Logs/AssetImportWorker0.log
-srvPort
56006
Successfully changed project path to: C:/Users/Jeremy Ivan/Data/Desktop/VR_Diorama
C:/Users/Jeremy Ivan/Data/Desktop/VR_Diorama
Using Asset Import Pipeline V2.
Refreshing native plugins compatible for Editor in 78.84 ms, found 4 plugins.
Preloading 1 native plugins for Editor in 0.64 ms.
Initialize engine version: 2020.2.1f1 (270dd8c3da1c)
[Subsystems] Discovering subsystems at path C:/Program Files/Unity/Hub/Editor/2020.2.1f1/Editor/Data/Resources/UnitySubsystems
[Subsystems] Discovering subsystems at path C:/Users/Jeremy Ivan/Data/Desktop/VR_Diorama/Assets
GfxDevice: creating device client; threaded=0
Direct3D:
    Version:  Direct3D 11.0 [level 11.1]
    Renderer: NVIDIA GeForce RTX 2060 (ID=0x1f08)
    Vendor:   
    VRAM:     5980 MB
    Driver:   27.21.14.6079
Shader 'Oculus/OVRMRCameraFrameLit': fallback shader 'Alpha-Diffuse' not found
Initialize mono
Mono path[0] = 'C:/Program Files/Unity/Hub/Editor/2020.2.1f1/Editor/Data/Managed'
Mono path[1] = 'C:/Program Files/Unity/Hub/Editor/2020.2.1f1/Editor/Data/MonoBleedingEdge/lib/mono/unityjit'
Mono config path = 'C:/Program Files/Unity/Hub/Editor/2020.2.1f1/Editor/Data/MonoBleedingEdge/etc'
Using monoOptions --debugger-agent=transport=dt_socket,embedding=1,server=y,suspend=n,address=127.0.0.1:56620
Begin MonoManager ReloadAssembly
Registering precompiled unity dll's ...
Register platform support module: C:/Program Files/Unity/Hub/Editor/2020.2.1f1/Editor/Data/PlaybackEngines/WindowsStandaloneSupport/UnityEditor.WindowsStandalone.Extensions.dll
Registered in 0.001414 seconds.
Native extension for WindowsStandalone target not found
Refreshing native plugins compatible for Editor in 61.55 ms, found 4 plugins.
Preloading 1 native plugins for Editor in 0.06 ms.
Invoked RoslynAnalysisRunner static constructor.
RoslynAnalysisRunner will not be running.
RoslynAnalysisRunner has terminated.
Mono: successfully reloaded assembly
- Completed reload, in  1.468 seconds
Platform modules already initialized, skipping
Registering precompiled user dll's ...
Registered in 0.002538 seconds.
Begin MonoManager ReloadAssembly
Native extension for WindowsStandalone target not found
Refreshing native plugins compatible for Editor in 69.12 ms, found 4 plugins.
Preloading 1 native plugins for Editor in 0.06 ms.
Invoked RoslynAnalysisRunner static constructor.
RoslynAnalysisRunner will not be running.
RoslynAnalysisRunner has terminated.
[XR] OculusXRPlugin: registering subsystems
[XR] Unable to register display lifecyle provider: [1]
[XR] Oculus Input lifecycle provider registered.
[XR] Unable to register input lifecyle provider: [1]
[XR] OVRP version 1.55.1
Mono: successfully reloaded assembly
- Completed reload, in  0.869 seconds
Platform modules already initialized, skipping
========================================================================
Worker process is ready to serve import requests
Shader 'Universal Render Pipeline/Particles/Lit': fallback shader 'Universal Render Pipeline/Particles/SimpleLit' not found
Shader 'Oculus/OVRMRCameraFrameLit': fallback shader 'Alpha-Diffuse' not found
Shader 'Universal Render Pipeline/Particles/Lit': fallback shader 'Universal Render Pipeline/Particles/SimpleLit' not found
Launched and connected shader compiler UnityShaderCompiler.exe after 0.04 seconds
Refreshing native plugins compatible for Editor in 0.76 ms, found 4 plugins.
Preloading 1 native plugins for Editor in 0.05 ms.
Unloading 3344 Unused Serialized files (Serialized files now loaded: 0)
System memory in use before: 171.4 MB.
System memory in use after: 169.4 MB.

Unloading 68 unused Assets to reduce memory usage. Loaded Objects now: 3755.
Total: 3.408400 ms (FindLiveObjects: 0.423700 ms CreateObjectMapping: 0.207800 ms MarkObjects: 1.625700 ms  DeleteObjects: 1.150300 ms)

========================================================================
Received Import Request.
  path: Assets/ForwardRenderer.asset
  artifactKey: Guid(53a1781cc9a32451a98ed8594b363815) Importer(815301076,1909f56bfc062723c751e8b465ee728b)
Start importing Assets/ForwardRenderer.asset using Guid(53a1781cc9a32451a98ed8594b363815) Importer(815301076,1909f56bfc062723c751e8b465ee728b)  -> (artifact id: '4ae4b6229ac9b656e1a495e5e69b8bea') in 0.026737 seconds
  Import took 0.031672 seconds .

========================================================================
Received Import Request.
  Time since last request: 5.751975 seconds.
  path: Assets/WebXR/Scripts/WebXR.asmdef
  artifactKey: Guid(13e84aeb609bf472ca773e87abfcaa32) Importer(815301076,1909f56bfc062723c751e8b465ee728b)
Start importing Assets/WebXR/Scripts/WebXR.asmdef using Guid(13e84aeb609bf472ca773e87abfcaa32) Importer(815301076,1909f56bfc062723c751e8b465ee728b)  -> (artifact id: '550cf9f683178444df57e34bed29f921') in 0.005806 seconds
  Import took 0.010943 seconds .

========================================================================
Received Import Request.
  Time since last request: 0.007197 seconds.
  path: Assets/WebXR/Scripts/WebXR.asmdef
  artifactKey: Guid(13e84aeb609bf472ca773e87abfcaa32) Importer(815301076,1909f56bfc062723c751e8b465ee728b)
Start importing Assets/WebXR/Scripts/WebXR.asmdef using Guid(13e84aeb609bf472ca773e87abfcaa32) Importer(815301076,1909f56bfc062723c751e8b465ee728b)  -> (artifact id: '550cf9f683178444df57e34bed29f921') in 0.001741 seconds
  Import took 0.006282 seconds .

========================================================================
Received Import Request.
  Time since last request: 65.670371 seconds.
  path: Assets/WebXR
  artifactKey: Guid(574cce5cf9cf7496995a23af1d86ddd3) Importer(815301076,1909f56bfc062723c751e8b465ee728b)
Start importing Assets/WebXR using Guid(574cce5cf9cf7496995a23af1d86ddd3) Importer(815301076,1909f56bfc062723c751e8b465ee728b)  -> (artifact id: 'e7a201ad32571afa184ef04edb3e8782') in 0.002056 seconds
  Import took 0.007357 seconds .

========================================================================
Received Prepare
Registering precompiled user dll's ...
Registered in 0.002568 seconds.
Begin MonoManager ReloadAssembly
Native extension for WindowsStandalone target not found
Refreshing native plugins compatible for Editor in 0.77 ms, found 4 plugins.
Preloading 1 native plugins for Editor in 0.06 ms.
Invoked RoslynAnalysisRunner static constructor.
RoslynAnalysisRunner will not be running.
RoslynAnalysisRunner has terminated.
Mono: successfully reloaded assembly
- Completed reload, in  0.749 seconds
Platform modules already initialized, skipping
Shader 'Universal Render Pipeline/Particles/Lit': fallback shader 'Universal Render Pipeline/Particles/SimpleLit' not found
Shader 'Universal Render Pipeline/Particles/Lit': fallback shader 'Universal Render Pipeline/Particles/SimpleLit' not found
Shader 'Oculus/OVRMRCameraFrameLit': fallback shader 'Alpha-Diffuse' not found
Refreshing native plugins compatible for Editor in 0.78 ms, found 4 plugins.
Preloading 1 native plugins for Editor in 0.05 ms.
Unloading 3176 Unused Serialized files (Serialized files now loaded: 0)
System memory in use before: 163.0 MB.
System memory in use after: 161.2 MB.

Unloading 70 unused Assets to reduce memory usage. Loaded Objects now: 3749.
Total: 2.912400 ms (FindLiveObjects: 0.263100 ms CreateObjectMapping: 0.128000 ms MarkObjects: 1.491000 ms  DeleteObjects: 1.029500 ms)

AssetImportWorkerClient::OnTransportError - code=2 error=End of file
